<?xml version="1.0" encoding="UTF-8"?>
<testsuite name="com.example.UserProductApplication.UserProductApplicationTests" tests="1" skipped="0" failures="0" errors="0" timestamp="2025-05-15T09:37:17.416Z" hostname="DESKTOP-DA6F484" time="0.93">
  <properties/>
  <testcase name="contextLoads()" classname="com.example.UserProductApplication.UserProductApplicationTests" time="0.93"/>
  <system-out><![CDATA[15:07:07.764 [Test worker] INFO org.springframework.test.context.support.AnnotationConfigContextLoaderUtils -- Could not detect default configuration classes for test class [com.example.UserProductApplication.UserProductApplicationTests]: UserProductApplicationTests does not declare any static, non-private, non-final, nested classes annotated with @Configuration.
15:07:08.001 [Test worker] INFO org.springframework.boot.test.context.SpringBootTestContextBootstrapper -- Found @SpringBootConfiguration com.example.UserProductApplication.UserProductApplication for test class com.example.UserProductApplication.UserProductApplicationTests

  .   ____          _            __ _ _
 /\\ / ___'_ __ _ _(_)_ __  __ _ \ \ \ \
( ( )\___ | '_ | '_| | '_ \/ _` | \ \ \ \
 \\/  ___)| |_)| | | | | || (_| |  ) ) ) )
  '  |____| .__|_| |_|_| |_\__, | / / / /
 =========|_|==============|___/=/_/_/_/

 :: Spring Boot ::                (v3.4.5)

2025-05-15T15:07:08.924+05:30  INFO 21520 --- [UserProductApplication] [    Test worker] c.e.U.UserProductApplicationTests        : Starting UserProductApplicationTests using Java 17.0.12 with PID 21520 (started by DELL in C:\Users\DELL\Desktop\Java Learning\Day5\UserProductApplication\UserProductApplication)
2025-05-15T15:07:08.924+05:30  INFO 21520 --- [UserProductApplication] [    Test worker] c.e.U.UserProductApplicationTests        : No active profile set, falling back to 1 default profile: "default"
2025-05-15T15:07:10.564+05:30  INFO 21520 --- [UserProductApplication] [    Test worker] .s.d.r.c.RepositoryConfigurationDelegate : Bootstrapping Spring Data JPA repositories in DEFAULT mode.
2025-05-15T15:07:10.756+05:30  INFO 21520 --- [UserProductApplication] [    Test worker] .s.d.r.c.RepositoryConfigurationDelegate : Finished Spring Data repository scanning in 150 ms. Found 2 JPA repository interfaces.
2025-05-15T15:07:11.685+05:30  INFO 21520 --- [UserProductApplication] [    Test worker] com.zaxxer.hikari.HikariDataSource       : HikariPool-1 - Starting...
2025-05-15T15:07:12.024+05:30  INFO 21520 --- [UserProductApplication] [    Test worker] com.zaxxer.hikari.pool.HikariPool        : HikariPool-1 - Added connection conn0: url=jdbc:h2:mem:62283383-8a25-4e7a-a8b2-893e20ac9338 user=SA
2025-05-15T15:07:12.042+05:30  INFO 21520 --- [UserProductApplication] [    Test worker] com.zaxxer.hikari.HikariDataSource       : HikariPool-1 - Start completed.
2025-05-15T15:07:12.267+05:30  INFO 21520 --- [UserProductApplication] [    Test worker] o.hibernate.jpa.internal.util.LogHelper  : HHH000204: Processing PersistenceUnitInfo [name: default]
2025-05-15T15:07:12.392+05:30  INFO 21520 --- [UserProductApplication] [    Test worker] org.hibernate.Version                    : HHH000412: Hibernate ORM core version 6.6.13.Final
2025-05-15T15:07:12.467+05:30  INFO 21520 --- [UserProductApplication] [    Test worker] o.h.c.internal.RegionFactoryInitiator    : HHH000026: Second-level cache disabled
2025-05-15T15:07:13.034+05:30  INFO 21520 --- [UserProductApplication] [    Test worker] o.s.o.j.p.SpringPersistenceUnitInfo      : No LoadTimeWeaver setup: ignoring JPA class transformer
2025-05-15T15:07:13.149+05:30  INFO 21520 --- [UserProductApplication] [    Test worker] org.hibernate.orm.connections.pooling    : HHH10001005: Database info:
	Database JDBC URL [Connecting through datasource 'HikariDataSource (HikariPool-1)']
	Database driver: undefined/unknown
	Database version: 2.3.232
	Autocommit mode: undefined/unknown
	Isolation level: undefined/unknown
	Minimum pool size: undefined/unknown
	Maximum pool size: undefined/unknown
2025-05-15T15:07:14.555+05:30  INFO 21520 --- [UserProductApplication] [    Test worker] o.h.e.t.j.p.i.JtaPlatformInitiator       : HHH000489: No JTA platform available (set 'hibernate.transaction.jta.platform' to enable JTA platform integration)
2025-05-15T15:07:14.645+05:30  INFO 21520 --- [UserProductApplication] [    Test worker] j.LocalContainerEntityManagerFactoryBean : Initialized JPA EntityManagerFactory for persistence unit 'default'
2025-05-15T15:07:16.064+05:30  WARN 21520 --- [UserProductApplication] [    Test worker] JpaBaseConfiguration$JpaWebConfiguration : spring.jpa.open-in-view is enabled by default. Therefore, database queries may be performed during view rendering. Explicitly configure spring.jpa.open-in-view to disable this warning
2025-05-15T15:07:16.207+05:30  INFO 21520 --- [UserProductApplication] [    Test worker] o.s.v.b.OptionalValidatorFactoryBean     : Failed to set up a Bean Validation provider: jakarta.validation.NoProviderFoundException: Unable to create a Configuration, because no Jakarta Bean Validation provider could be found. Add a provider like Hibernate Validator (RI) to your classpath.
2025-05-15T15:07:17.384+05:30  INFO 21520 --- [UserProductApplication] [    Test worker] c.e.U.UserProductApplicationTests        : Started UserProductApplicationTests in 9.079 seconds (process running for 10.915)
]]></system-out>
  <system-err><![CDATA[]]></system-err>
</testsuite>
